{
  "RSpec": {
    "coverage": {
      "/Users/isaacfalkenstine/turing/2module/projects/LaughTracks/config/environment.rb": [
        1,
        1,
        null,
        null,
        1,
        null,
        null,
        2,
        null,
        null,
        3,
        null,
        null,
        1,
        null,
        null,
        1,
        1,
        1,
        1,
        1,
        null,
        null
      ],
      "/Users/isaacfalkenstine/turing/2module/projects/LaughTracks/app/controllers/laugh_tracks_app.rb": [
        1,
        null,
        1,
        0,
        0,
        0,
        null,
        null,
        1,
        12,
        12,
        12,
        null,
        null,
        null,
        null,
        1,
        4,
        null,
        null,
        1,
        1,
        1,
        null,
        null
      ],
      "/Users/isaacfalkenstine/turing/2module/projects/LaughTracks/app/models/special.rb": [
        1,
        null,
        1,
        null,
        1,
        null,
        1,
        12,
        null,
        null
      ],
      "/Users/isaacfalkenstine/turing/2module/projects/LaughTracks/app/models/comedian.rb": [
        1,
        1,
        null,
        1,
        null,
        1,
        72,
        24,
        0,
        null,
        null,
        1,
        26,
        26,
        26,
        null,
        null,
        1,
        12,
        null,
        null,
        1,
        25,
        null,
        null,
        1,
        0,
        null,
        null,
        1,
        14,
        14,
        null,
        null,
        1,
        14,
        14,
        null,
        null
      ],
      "/Users/isaacfalkenstine/turing/2module/projects/LaughTracks/config/database.rb": [
        null,
        1,
        1,
        null,
        null,
        1,
        1,
        null,
        null,
        null,
        null,
        null,
        null,
        null
      ],
      "/Users/isaacfalkenstine/turing/2module/projects/LaughTracks/spec/features/user_sees_a_new_form_to_add_a_comedian_spec.rb": [
        1,
        1,
        4,
        null,
        null,
        1,
        1,
        1,
        1,
        null,
        1,
        1,
        1,
        null,
        1,
        1,
        1,
        null,
        null,
        null,
        1,
        1,
        1,
        1,
        1,
        1,
        null,
        1,
        1,
        1,
        1,
        1,
        null,
        1,
        1,
        null,
        null
      ],
      "/Users/isaacfalkenstine/turing/2module/projects/LaughTracks/spec/features/user_sees_intended_comics_spec.rb": [
        1,
        null,
        1,
        10,
        10,
        10,
        10,
        10,
        null,
        10,
        10,
        10,
        10,
        null,
        10,
        10,
        null,
        10,
        10,
        null,
        null,
        1,
        1,
        1,
        1,
        1,
        1,
        null,
        1,
        1,
        1,
        1,
        1,
        null,
        null,
        null,
        1,
        null,
        1,
        1,
        1,
        1,
        1,
        null,
        1,
        1,
        1,
        1,
        null,
        null,
        null,
        1,
        1,
        1,
        1,
        null,
        1,
        1,
        1,
        null,
        null,
        null,
        1,
        1,
        1,
        1,
        1,
        null,
        1,
        1,
        1,
        1,
        null,
        null,
        null,
        1,
        1,
        1,
        1,
        null,
        1,
        1,
        1,
        1,
        1,
        null,
        null,
        null,
        null
      ],
      "/Users/isaacfalkenstine/turing/2module/projects/LaughTracks/spec/models/comedian_spec.rb": [
        1,
        1,
        1,
        1,
        1,
        1,
        null,
        null,
        1,
        1,
        1,
        null,
        null,
        null,
        null,
        1,
        1,
        1,
        7,
        7,
        7,
        7,
        7,
        null,
        7,
        7,
        7,
        7,
        null,
        7,
        7,
        null,
        7,
        7,
        null,
        null,
        1,
        1,
        1,
        1,
        1,
        1,
        1,
        1,
        1,
        1,
        null,
        null,
        1,
        1,
        1,
        1,
        1,
        1,
        1,
        1,
        null,
        null,
        null,
        1,
        1,
        1,
        1,
        null,
        1,
        1,
        1,
        null,
        null,
        1,
        1,
        1,
        1,
        1,
        1,
        1,
        null,
        1,
        1,
        1,
        1,
        1,
        1,
        null,
        null,
        null,
        1,
        1,
        1,
        1,
        1,
        1,
        1,
        1,
        1,
        1,
        1,
        1,
        1,
        null,
        null,
        1,
        1,
        1,
        1,
        1,
        1,
        1,
        1,
        1,
        1,
        1,
        1,
        null,
        null,
        null,
        null,
        1,
        1,
        1,
        1,
        1,
        1,
        null,
        null,
        null,
        null,
        null
      ],
      "/Users/isaacfalkenstine/turing/2module/projects/LaughTracks/spec/models/special_spec.rb": [
        1,
        1,
        1,
        null,
        1,
        1,
        1,
        null,
        null,
        null,
        null
      ]
    },
    "timestamp": 1539004698
  }
}
